<?xml version="1.0" encoding="UTF-8"?>
<!-- Generated by org.testng.reporters.JUnitReportReporter -->
<testsuite hostname="lishuang-PC" name="jiankun.com.xiaoyou.cases.XiaoYouIndex" tests="12" failures="0" timestamp="22 Mar 2017 03:17:06 GMT" time="37.885" errors="0">
  <testcase name="IndexNoUpdate" time="4.760" classname="jiankun.com.xiaoyou.cases.XiaoYouIndex"/>
  <testcase name="verifyClickNewLoginButton" time="1.815" classname="jiankun.com.xiaoyou.cases.XiaoYouIndex"/>
  <testcase name="IndexNoUpdate" time="4.716" classname="jiankun.com.xiaoyou.cases.XiaoYouIndex"/>
  <testcase name="verifyClickOldLoginButton" time="1.963" classname="jiankun.com.xiaoyou.cases.XiaoYouIndex"/>
  <testcase name="verifyClickOldLoginButton" time="1.534" classname="jiankun.com.xiaoyou.cases.XiaoYouIndex"/>
  <testcase name="verifyClickNewLoginButton" time="4.275" classname="jiankun.com.xiaoyou.cases.XiaoYouIndex"/>
  <testcase name="verifyClickNewLoginButton" time="1.898" classname="jiankun.com.xiaoyou.cases.XiaoYouIndex"/>
  <testcase name="verifyClickOldLoginButton" time="1.294" classname="jiankun.com.xiaoyou.cases.XiaoYouIndex"/>
  <testcase name="verifyClickNewLoginButton" time="1.998" classname="jiankun.com.xiaoyou.cases.XiaoYouIndex"/>
  <testcase name="IndexNoUpdate" time="4.694" classname="jiankun.com.xiaoyou.cases.XiaoYouIndex"/>
  <testcase name="verifyClickOldLoginButton" time="1.392" classname="jiankun.com.xiaoyou.cases.XiaoYouIndex"/>
  <testcase name="IndexNoUpdate" time="7.546" classname="jiankun.com.xiaoyou.cases.XiaoYouIndex"/>
</testsuite> <!-- jiankun.com.xiaoyou.cases.XiaoYouIndex -->
